build/app/outputs/mapping/release/seeds.txt
com.example.douyin_downloader.MainActivity
com.example.douyin_downloader.MainActivity: MainActivity()
...
androidx.window.embedding.EmbeddingAdapter: java.lang.Object component1(android.util.Pair)
androidx.window.embedding.EmbeddingAdapter: java.util.function.Predicate translateParentMetricsPredicate(androidx.window.embedding.SplitRule)
io.flutter.embedding.android.FlutterActivityLaunchConfigs$BackgroundMode: io.flutter.embedding.android.FlutterActivityLaunchConfigs$BackgroundMode valueOf(java.lang.String)
io.flutter.embedding.engine.systemchannels.PlatformChannel$Brightness: io.flutter.embedding.engine.systemchannels.PlatformChannel$Brightness valueOf(java.lang.String)
kotlinx.coroutines.internal.OpDescriptor: OpDescriptor()
androidx.window.embedding.SplitInfo: SplitInfo(androidx.window.embedding.ActivityStack,androidx.window.embedding.ActivityStack,float)
androidx.window.layout.DisplayCompatHelperApi17: void getRealSize(android.view.Display,android.graphics.Point)
io.flutter.plugins.GeneratedPluginRegistrant: void registerWith(io.flutter.embedding.engine.FlutterEngine)
androidx.window.embedding.ExtensionEmbeddingBackend: boolean isSplitSupported()
androidx.window.layout.SidecarWindowBackend$WindowLayoutChangeCallbackWrapper: androidx.core.util.Consumer getCallback()
io.flutter.embedding.engine.renderer.SurfaceTextureWrapper: void detachFromGLContext()
androidx.window.embedding.EmbeddingCompat: EmbeddingCompat()
io.flutter.view.AccessibilityBridge$Flag: io.flutter.view.AccessibilityBridge$Flag[] values()
androidx.window.layout.HardwareFoldingFeature: android.graphics.Rect getBounds()
io.flutter.embedding.engine.renderer.FlutterRenderer$ImageTextureRegistryEntry: long id()
androidx.window.layout.SidecarAdapter: androidx.window.layout.WindowLayoutInfo translate(androidx.window.sidecar.SidecarWindowLayoutInfo,androidx.window.sidecar.SidecarDeviceState)
androidx.window.layout.WindowInfoTrackerImpl$Companion: WindowInfoTrackerImpl$Companion()
io.flutter.embedding.engine.FlutterJNI: void onSurfaceWindowChanged(android.view.Surface)
kotlin.coroutines.jvm.internal.BaseContinuationImpl: kotlin.coroutines.jvm.internal.CoroutineStackFrame getCallerFrame()
io.flutter.plugin.editing.ImeSyncDeferringInsetsCallback$AnimationCallback: ImeSyncDeferringInsetsCallback$AnimationCallback(io.flutter.plugin.editing.ImeSyncDeferringInsetsCallback)
kotlin.coroutines.jvm.internal.BaseContinuationImpl: BaseContinuationImpl(kotlin.coroutines.Continuation)
io.flutter.view.TextureRegistry$SurfaceTextureEntry$-CC: void $default$setOnTrimMemoryListener(io.flutter.view.TextureRegistry$SurfaceTextureEntry,io.flutter.view.TextureRegistry$OnTrimMemoryListener)
io.flutter.embedding.engine.mutatorsstack.FlutterMutatorsStack: FlutterMutatorsStack()
io.flutter.embedding.engine.renderer.SurfaceTextureWrapper: SurfaceTextureWrapper(android.graphics.SurfaceTexture)
androidx.window.core.Version: int compareTo(java.lang.Object)
androidx.window.embedding.ExtensionEmbeddingBackend: void setSplitRules(java.util.Set)
androidx.window.layout.ExtensionWindowLayoutInfoBackend$MulticastConsumer: void removeListener(androidx.core.util.Consumer)
androidx.window.embedding.SplitPairFilter: java.lang.String getSecondaryActivityIntentAction()
io.flutter.embedding.engine.FlutterJNI: void onSurfaceDestroyed()
io.flutter.embedding.engine.FlutterJNI: void dispatchEmptyPlatformMessage(java.lang.String,int)
androidx.window.layout.WindowInfoTrackerImpl$windowLayoutInfo$1: kotlin.coroutines.Continuation create(java.lang.Object,kotlin.coroutines.Continuation)
io.flutter.plugin.editing.ImeSyncDeferringInsetsCallback: void install()
kotlinx.coroutines.channels.Send: Send()
kotlinx.coroutines.android.AndroidDispatcherFactory: int getLoadPriority()
io.flutter.embedding.engine.FlutterJNI: void registerTexture(long,io.flutter.embedding.engine.renderer.SurfaceTextureWrapper)
androidx.window.core.Version$Companion: androidx.window.core.Version parse(java.lang.String)
androidx.window.core.Version: int compareTo(androidx.window.core.Version)