build/app/outputs/mapping/release/mapping.txt
# compiler: R8
# compiler_version: 3.3.70
# min_api: 21
# common_typos_disable
# {"id":"com.android.tools.r8.mapping","version":"2.0"}
# pg_map_id: 48d1c0b
# pg_map_hash: SHA-256 48d1c0b7fe2276d054a69866fd9eee1bad1864de300d0e34ea52ba25e734b16c
...
io.flutter.view.AccessibilityViewEmbedder$$ExternalSyntheticApiModelOutline1 -> io.flutter.view.l:
# {"id":"sourceFile","fileName":"R8$$SyntheticClass"}
# {"id":"com.android.tools.r8.synthesized"}
    boolean io.flutter.view.AccessibilityViewEmbedder$$InternalSyntheticApiModelOutline$1$5748db92e5ea0bf57e589b03ebff6c44bee4cdfa760f588503b01ab99cdc139b$10.m(android.view.accessibility.AccessibilityNodeInfo) -> a
      # {"id":"com.android.tools.r8.synthesized"}
io.flutter.view.AccessibilityViewEmbedder$$ExternalSyntheticApiModelOutline2 -> io.flutter.view.m:
# {"id":"sourceFile","fileName":"R8$$SyntheticClass"}
# {"id":"com.android.tools.r8.synthesized"}
    void io.flutter.view.AccessibilityViewEmbedder$$InternalSyntheticApiModelOutline$1$5748db92e5ea0bf57e589b03ebff6c44bee4cdfa760f588503b01ab99cdc139b$11.m(android.view.accessibility.AccessibilityNodeInfo,boolean) -> a
      # {"id":"com.android.tools.r8.synthesized"}
io.flutter.view.AccessibilityViewEmbedder$$ExternalSyntheticApiModelOutline3 -> io.flutter.view.n:
# {"id":"sourceFile","fileName":"R8$$SyntheticClass"}
# {"id":"com.android.tools.r8.synthesized"}
    void io.flutter.view.AccessibilityViewEmbedder$$InternalSyntheticApiModelOutline$1$5748db92e5ea0bf57e589b03ebff6c44bee4cdfa760f588503b01ab99cdc139b$1.m(android.view.accessibility.AccessibilityNodeInfo,boolean) -> a
      # {"id":"com.android.tools.r8.synthesized"}
io.flutter.view.AccessibilityViewEmbedder$$ExternalSyntheticApiModelOutline4 -> io.flutter.view.o:
# {"id":"sourceFile","fileName":"R8$$SyntheticClass"}
# {"id":"com.android.tools.r8.synthesized"}
    int io.flutter.view.AccessibilityViewEmbedder$$InternalSyntheticApiModelOutline$1$5748db92e5ea0bf57e589b03ebff6c44bee4cdfa760f588503b01ab99cdc139b$2.m(android.view.accessibility.AccessibilityNodeInfo) -> a
      # {"id":"com.android.tools.r8.synthesized"}
io.flutter.view.AccessibilityViewEmbedder$$ExternalSyntheticApiModelOutline5 -> io.flutter.view.p:
# {"id":"sourceFile","fileName":"R8$$SyntheticClass"}
# {"id":"com.android.tools.r8.synthesized"}
    void io.flutter.view.AccessibilityViewEmbedder$$InternalSyntheticApiModelOutline$1$5748db92e5ea0bf57e589b03ebff6c44bee4cdfa760f588503b01ab99cdc139b$3.m(android.view.accessibility.AccessibilityNodeInfo,int) -> a
      # {"id":"com.android.tools.r8.synthesized"}
io.flutter.view.AccessibilityViewEmbedder$$ExternalSyntheticApiModelOutline6 -> io.flutter.view.q:
# {"id":"sourceFile","fileName":"R8$$SyntheticClass"}
# {"id":"com.android.tools.r8.synthesized"}
    boolean io.flutter.view.AccessibilityViewEmbedder$$InternalSyntheticApiModelOutline$1$5748db92e5ea0bf57e589b03ebff6c44bee4cdfa760f588503b01ab99cdc139b$4.m(android.view.accessibility.AccessibilityNodeInfo) -> a
      # {"id":"com.android.tools.r8.synthesized"}
io.flutter.view.AccessibilityViewEmbedder$$ExternalSyntheticApiModelOutline7 -> io.flutter.view.r:
# {"id":"sourceFile","fileName":"R8$$SyntheticClass"}
# {"id":"com.android.tools.r8.synthesized"}
    java.util.List io.flutter.view.AccessibilityViewEmbedder$$InternalSyntheticApiModelOutline$1$5748db92e5ea0bf57e589b03ebff6c44bee4cdfa760f588503b01ab99cdc139b$6.m(android.view.accessibility.AccessibilityNodeInfo) -> a
      # {"id":"com.android.tools.r8.synthesized"}
io.flutter.view.AccessibilityViewEmbedder$$ExternalSyntheticApiModelOutline8 -> io.flutter.view.s:
# {"id":"sourceFile","fileName":"R8$$SyntheticClass"}
# {"id":"com.android.tools.r8.synthesized"}
    void io.flutter.view.AccessibilityViewEmbedder$$InternalSyntheticApiModelOutline$1$5748db92e5ea0bf57e589b03ebff6c44bee4cdfa760f588503b01ab99cdc139b$7.m(android.view.accessibility.AccessibilityNodeInfo,java.util.List) -> a
      # {"id":"com.android.tools.r8.synthesized"}