build/app/outputs/mapping/release/usage.txt
com.example.douyin_downloader.BuildConfig
com.example.douyin_downloader.R$attr
com.example.douyin_downloader.R$color
com.example.douyin_downloader.R$dimen
com.example.douyin_downloader.R$drawable
com.example.douyin_downloader.R$id
com.example.douyin_downloader.R$integer
com.example.douyin_downloader.R$layout
com.example.douyin_downloader.R$mipmap
com.example.douyin_downloader.R$string
com.example.douyin_downloader.R$style
com.example.douyin_downloader.R$styleable
com.example.douyin_downloader.R$xml
com.example.douyin_downloader.R
...
androidx.core.view.WindowInsetsControllerCompat$Impl26:
    public boolean isAppearanceLightNavigationBars()
androidx.core.view.WindowInsetsControllerCompat$Impl30$1
androidx.core.view.WindowInsetsControllerCompat$Impl30$2
androidx.core.view.WindowInsetsControllerCompat$Impl30:
    void addOnControllableInsetsChangedListener(androidx.core.view.WindowInsetsControllerCompat$OnControllableInsetsChangedListener)
    void controlWindowInsetsAnimation(int,long,android.view.animation.Interpolator,android.os.CancellationSignal,androidx.core.view.WindowInsetsAnimationControlListenerCompat)
    int getSystemBarsBehavior()
    void hide(int)
    public boolean isAppearanceLightNavigationBars()
    public boolean isAppearanceLightStatusBars()
    void removeOnControllableInsetsChangedListener(androidx.core.view.WindowInsetsControllerCompat$OnControllableInsetsChangedListener)
    void setSystemBarsBehavior(int)
    void show(int)
androidx.core.view.WindowInsetsControllerCompat$Impl:
    void addOnControllableInsetsChangedListener(androidx.core.view.WindowInsetsControllerCompat$OnControllableInsetsChangedListener)
    void controlWindowInsetsAnimation(int,long,android.view.animation.Interpolator,android.os.CancellationSignal,androidx.core.view.WindowInsetsAnimationControlListenerCompat)
    int getSystemBarsBehavior()
    void hide(int)
    public boolean isAppearanceLightNavigationBars()
    public boolean isAppearanceLightStatusBars()
    void removeOnControllableInsetsChangedListener(androidx.core.view.WindowInsetsControllerCompat$OnControllableInsetsChangedListener)
    void setSystemBarsBehavior(int)
    void show(int)
androidx.core.view.WindowInsetsControllerCompat$OnControllableInsetsChangedListener
androidx.core.view.WindowInsetsControllerCompat:
    public static final int BEHAVIOR_SHOW_BARS_BY_SWIPE
    public static final int BEHAVIOR_SHOW_BARS_BY_TOUCH
    public static final int BEHAVIOR_SHOW_TRANSIENT_BARS_BY_SWIPE
    private void <init>(android.view.WindowInsetsController)
    public void addOnControllableInsetsChangedListener(androidx.core.view.WindowInsetsControllerCompat$OnControllableInsetsChangedListener)
    public void controlWindowInsetsAnimation(int,long,android.view.animation.Interpolator,android.os.CancellationSignal,androidx.core.view.WindowInsetsAnimationControlListenerCompat)
    public int getSystemBarsBehavior()
    public void hide(int)
    public boolean isAppearanceLightNavigationBars()
    public boolean isAppearanceLightStatusBars()
    public void removeOnControllableInsetsChangedListener(androidx.core.view.WindowInsetsControllerCompat$OnControllableInsetsChangedListener)
    public void setSystemBarsBehavior(int)
    public void show(int)
    public static androidx.core.view.WindowInsetsControllerCompat toWindowInsetsControllerCompat(android.view.WindowInsetsController)
androidx.core.view.accessibility.AccessibilityClickableSpanCompat
androidx.core.view.accessibility.AccessibilityEventCompat$ContentChangeType
androidx.core.view.accessibility.AccessibilityEventCompat
androidx.core.view.accessibility.AccessibilityManagerCompat$AccessibilityStateChangeListener
androidx.core.view.accessibility.AccessibilityManagerCompat$AccessibilityStateChangeListenerCompat
androidx.core.view.accessibility.AccessibilityManagerCompat$AccessibilityStateChangeListenerWrapper
androidx.core.view.accessibility.AccessibilityManagerCompat$TouchExplorationStateChangeListener
androidx.core.view.accessibility.AccessibilityManagerCompat$TouchExplorationStateChangeListenerWrapper
androidx.core.view.accessibility.AccessibilityManagerCompat
androidx.core.view.accessibility.AccessibilityNodeInfoCompat$AccessibilityActionCompat
androidx.core.view.accessibility.AccessibilityNodeInfoCompat$CollectionInfoCompat
androidx.core.view.accessibility.AccessibilityNodeInfoCompat$CollectionItemInfoCompat
androidx.core.view.accessibility.AccessibilityNodeInfoCompat$RangeInfoCompat